TN:
SF:src\utils\dateUtils.js
FN:8,(anonymous_0)
FN:22,(anonymous_1)
FN:35,(anonymous_2)
FN:48,(anonymous_3)
FN:63,(anonymous_4)
FN:74,(anonymous_5)
FNF:6
FNH:6
FNDA:22,(anonymous_0)
FNDA:4,(anonymous_1)
FNDA:6,(anonymous_2)
FNDA:8,(anonymous_3)
FNDA:5,(anonymous_4)
FNDA:4,(anonymous_5)
DA:8,1
DA:9,22
DA:10,19
DA:11,19
DA:12,19
DA:13,19
DA:14,19
DA:22,1
DA:23,4
DA:24,3
DA:25,3
DA:26,3
DA:27,3
DA:35,1
DA:36,6
DA:37,5
DA:38,5
DA:39,5
DA:40,5
DA:48,1
DA:49,8
DA:50,7
DA:51,7
DA:52,7
DA:53,7
DA:54,7
DA:63,1
DA:64,5
DA:65,5
DA:66,5
DA:74,1
DA:75,4
DA:76,1
DA:77,1
DA:78,1
DA:79,1
DA:80,1
DA:81,1
DA:82,1
LF:39
LH:39
BRDA:9,0,0,3
BRDA:9,0,1,19
BRDA:23,1,0,1
BRDA:23,1,1,3
BRDA:36,2,0,1
BRDA:36,2,1,5
BRDA:49,3,0,1
BRDA:49,3,1,7
BRDA:75,4,0,3
BRDA:75,4,1,1
BRF:10
BRH:10
end_of_record
TN:
SF:src\utils\validation.js
FN:6,(anonymous_0)
FN:28,(anonymous_1)
FN:50,(anonymous_2)
FN:57,(anonymous_3)
FN:66,(anonymous_4)
FN:69,(anonymous_5)
FNF:6
FNH:5
FNDA:15,(anonymous_0)
FNDA:8,(anonymous_1)
FNDA:6,(anonymous_2)
FNDA:2,(anonymous_3)
FNDA:4,(anonymous_4)
FNDA:0,(anonymous_5)
DA:6,1
DA:7,15
DA:9,15
DA:10,4
DA:13,15
DA:14,5
DA:17,15
DA:28,1
DA:29,8
DA:31,8
DA:32,1
DA:35,8
DA:36,1
DA:39,8
DA:50,1
DA:51,6
DA:52,6
DA:55,6
DA:56,6
DA:57,1
DA:58,2
DA:63,6
DA:64,4
DA:66,2
DA:67,4
DA:68,4
DA:69,0
DA:70,0
DA:76,6
LF:29
LH:27
BRDA:9,0,0,4
BRDA:9,0,1,11
BRDA:13,1,0,5
BRDA:13,1,1,10
BRDA:13,2,0,15
BRDA:13,2,1,11
BRDA:31,3,0,1
BRDA:31,3,1,7
BRDA:31,4,0,8
BRDA:31,4,1,7
BRDA:35,5,0,1
BRDA:35,5,1,7
BRDA:35,6,0,8
BRDA:35,6,1,4
BRDA:35,6,2,3
BRDA:56,7,0,1
BRDA:56,7,1,5
BRDA:63,8,0,4
BRDA:63,8,1,2
BRDA:63,9,0,6
BRDA:63,9,1,6
BRDA:68,10,0,0
BRDA:68,10,1,4
BRF:23
BRH:22
end_of_record
